Vitamio/build/outputs/logs/manifest-merger-debug-report.txt
-- Merging decision tree log ---
manifest
ADDED from ZhVideoPlayer-master\Vitamio\AndroidManifest.xml:1:1-19:12
INJECTED from ZhVideoPlayer-master\Vitamio\AndroidManifest.xml:1:1-19:12
INJECTED from ZhVideoPlayer-master\Vitamio\AndroidManifest.xml:1:1-19:12
INJECTED from ZhVideoPlayer-master\Vitamio\AndroidManifest.xml:1:1-19:12
INJECTED from ZhVideoPlayer-master\Vitamio\AndroidManifest.xml:1:1-19:12
INJECTED from ZhVideoPlayer-master\Vitamio\AndroidManifest.xml:1:1-19:12
INJECTED from ZhVideoPlayer-master\Vitamio\AndroidManifest.xml:1:1-19:12
	package
		ADDED from ZhVideoPlayer-master\Vitamio\AndroidManifest.xml:2:11-35
		INJECTED from ZhVideoPlayer-master\Vitamio\AndroidManifest.xml
		INJECTED from ZhVideoPlayer-master\Vitamio\AndroidManifest.xml
	android:versionName
		ADDED from ZhVideoPlayer-master\Vitamio\AndroidManifest.xml:4:11-36
		INJECTED from ZhVideoPlayer-master\Vitamio\AndroidManifest.xml
		INJECTED from ZhVideoPlayer-master\Vitamio\AndroidManifest.xml
	xmlns:android
		ADDED from ZhVideoPlayer-master\Vitamio\AndroidManifest.xml:1:11-69
	android:versionCode
		ADDED from ZhVideoPlayer-master\Vitamio\AndroidManifest.xml:3:11-36
		INJECTED from ZhVideoPlayer-master\Vitamio\AndroidManifest.xml
		INJECTED from ZhVideoPlayer-master\Vitamio\AndroidManifest.xml
uses-permission#android.permission.WAKE_LOCK
ADDED from ZhVideoPlayer-master\Vitamio\AndroidManifest.xml:6:5-68
	android:name
		ADDED from ZhVideoPlayer-master\Vitamio\AndroidManifest.xml:6:22-65
uses-permission#android.permission.INTERNET
ADDED from ZhVideoPlayer-master\Vitamio\AndroidManifest.xml:7:5-67
	android:name
		ADDED from ZhVideoPlayer-master\Vitamio\AndroidManifest.xml:7:22-64
uses-permission#android.permission.ACCESS_NETWORK_STATE
ADDED from ZhVideoPlayer-master\Vitamio\AndroidManifest.xml:8:5-79
	android:name
		ADDED from ZhVideoPlayer-master\Vitamio\AndroidManifest.xml:8:22-76
application
ADDED from ZhVideoPlayer-master\Vitamio\AndroidManifest.xml:10:5-17:19
activity#io.vov.vitamio.activity.InitActivity
ADDED from ZhVideoPlayer-master\Vitamio\AndroidManifest.xml:11:9-12:70
	android:name
		ADDED from ZhVideoPlayer-master\Vitamio\AndroidManifest.xml:12:17-68
uses-sdk
INJECTED from ZhVideoPlayer-master\Vitamio\AndroidManifest.xml reason: use-sdk injection requested
INJECTED from ZhVideoPlayer-master\Vitamio\AndroidManifest.xml
INJECTED from ZhVideoPlayer-master\Vitamio\AndroidManifest.xml
INJECTED from ZhVideoPlayer-master\Vitamio\AndroidManifest.xml
INJECTED from ZhVideoPlayer-master\Vitamio\AndroidManifest.xml
	android:targetSdkVersion
		INJECTED from ZhVideoPlayer-master\Vitamio\AndroidManifest.xml
		ADDED from ZhVideoPlayer-master\Vitamio\AndroidManifest.xml
		INJECTED from ZhVideoPlayer-master\Vitamio\AndroidManifest.xml
	android:minSdkVersion
		INJECTED from ZhVideoPlayer-master\Vitamio\AndroidManifest.xml
		ADDED from ZhVideoPlayer-master\Vitamio\AndroidManifest.xml
		INJECTED from ZhVideoPlayer-master\Vitamio\AndroidManifest.xml